<?xml version="1.0" encoding="UTF-8"?>
<testng-results skipped="0" failed="0" ignored="0" total="1" passed="1">
  <reporter-output>
  </reporter-output>
  <suite name="Default suite" duration-ms="34932" started-at="2018-07-05T17:51:08Z" finished-at="2018-07-05T17:51:43Z">
    <groups>
    </groups>
    <test name="Default test" duration-ms="34932" started-at="2018-07-05T17:51:08Z" finished-at="2018-07-05T17:51:43Z">
      <class name="LibraryTest">
        <test-method status="PASS" signature="testSomeLibraryMethod()[pri:0, instance:LibraryTest@ee68d8]" name="testSomeLibraryMethod" duration-ms="34905" started-at="2018-07-05T10:51:08Z" finished-at="2018-07-05T10:51:43Z">
          <reporter-output>
          </reporter-output>
        </test-method> <!-- testSomeLibraryMethod -->
      </class> <!-- LibraryTest -->
    </test> <!-- Default test -->
  </suite> <!-- Default suite -->
</testng-results>
